<?xml version="1.0" encoding="UTF-8"?>
<!-- Generated by org.testng.reporters.JUnitXMLReporter -->
<testsuite hostname="EC2AMAZ-B6KRLN6" ignored="0" name="Default test" tests="16" failures="0" timestamp="17 Jul 2020 11:40:22 GMT" time="11.453" errors="0">
  <testcase name="anagramofStrings" time="0.019" classname="InterviewQuestions.AnagramOfStrings"/>
  <testcase name="charOccuranceInString" time="0.013" classname="InterviewQuestions.charOccuranceInString"/>
  <testcase name="equalityofArrayUsingEqualMethod" time="0.003" classname="InterviewQuestions.EqualityOfTwoArrays"/>
  <testcase name="equalityofArrays" time="0.01" classname="InterviewQuestions.EqualityOfTwoArrays"/>
  <testcase name="StringReverseMethod1" time="0.003" classname="InterviewQuestions.stringReversePrograms"/>
  <testcase name="StringReverseMethod2" time="0.004" classname="InterviewQuestions.stringReversePrograms"/>
  <testcase name="StringReverseMethod3" time="0.001" classname="InterviewQuestions.stringReversePrograms"/>
  <testcase name="duplicateElementFinding_Method1" time="0.002" classname="InterviewQuestions.DuplicateElementinArrayList"/>
  <testcase name="duplicateElementFinding_Method2" time="0.003" classname="InterviewQuestions.DuplicateElementinArrayList"/>
  <testcase name="sumofdigits_of_number" time="0.001" classname="InterviewQuestions.sum_of_a_digitValue"/>
  <testcase name="ArmStrongNumber" time="0.003" classname="InterviewQuestions.ArmstrongNumber"/>
  <testcase name="duplicatecharcount" time="0.002" classname="InterviewQuestions.duplicateCharCount"/>
  <testcase name="secondlargestInArray" time="0.001" classname="InterviewQuestions.findSecondLargestInArray"/>
  <testcase name="SpaceRemoveFromString" time="0.005" classname="InterviewQuestions.RemoveSpacesFromString"/>
  <testcase name="spaceremovalwithoutreplace" time="0.001" classname="InterviewQuestions.RemoveSpacesFromString"/>
  <testcase name="sampleprograms" time="11.26" classname="InterviewQuestions.sampleprogram"/>
</testsuite> <!-- Default test -->
