<?xml version="1.0" encoding="UTF-8"?>
<testng-results skipped="0" failed="0" total="6" passed="6">
  <reporter-output>
  </reporter-output>
  <suite name="CO_DMV" duration-ms="87588" started-at="2019-02-01T12:21:23Z" finished-at="2019-02-01T12:22:50Z">
    <groups>
    </groups>
    <test name="Multi Logins" duration-ms="87588" started-at="2019-02-01T12:21:23Z" finished-at="2019-02-01T12:22:50Z">
      <class name="com.LoginsTest">
        <test-method status="PASS" signature="before()[pri:0, instance:com.LoginsTest@691ccf]" name="before" is-config="true" duration-ms="62796" started-at="2019-02-01T17:51:23Z" finished-at="2019-02-01T17:52:26Z">
          <reporter-output>
          </reporter-output>
        </test-method> <!-- before -->
        <test-method status="PASS" signature="test(java.lang.String, java.lang.String, java.lang.String, java.lang.String, java.lang.String)[pri:0, instance:com.LoginsTest@691ccf]" name="test" duration-ms="2356" started-at="2019-02-01T17:52:26Z" data-provider="getTestData" finished-at="2019-02-01T17:52:28Z">
          <params>
            <param index="0">
              <value>
                <![CDATA[user1]]>
              </value>
            </param>
            <param index="1">
              <value>
                <![CDATA[pass1]]>
              </value>
            </param>
            <param index="2">
              <value>
                <![CDATA[drop1]]>
              </value>
            </param>
            <param index="3">
              <value>
                <![CDATA[drop21]]>
              </value>
            </param>
            <param index="4">
              <value>
                <![CDATA[url1]]>
              </value>
            </param>
          </params>
          <reporter-output>
          </reporter-output>
        </test-method> <!-- test -->
        <test-method status="PASS" signature="test(java.lang.String, java.lang.String, java.lang.String, java.lang.String, java.lang.String)[pri:0, instance:com.LoginsTest@691ccf]" name="test" duration-ms="2173" started-at="2019-02-01T17:52:28Z" data-provider="getTestData" finished-at="2019-02-01T17:52:30Z">
          <params>
            <param index="0">
              <value>
                <![CDATA[user2]]>
              </value>
            </param>
            <param index="1">
              <value>
                <![CDATA[pass2]]>
              </value>
            </param>
            <param index="2">
              <value>
                <![CDATA[drop2]]>
              </value>
            </param>
            <param index="3">
              <value>
                <![CDATA[drop22]]>
              </value>
            </param>
            <param index="4">
              <value>
                <![CDATA[url2]]>
              </value>
            </param>
          </params>
          <reporter-output>
          </reporter-output>
        </test-method> <!-- test -->
        <test-method status="PASS" signature="test(java.lang.String, java.lang.String, java.lang.String, java.lang.String, java.lang.String)[pri:0, instance:com.LoginsTest@691ccf]" name="test" duration-ms="2126" started-at="2019-02-01T17:52:30Z" data-provider="getTestData" finished-at="2019-02-01T17:52:32Z">
          <params>
            <param index="0">
              <value>
                <![CDATA[user3]]>
              </value>
            </param>
            <param index="1">
              <value>
                <![CDATA[pass3]]>
              </value>
            </param>
            <param index="2">
              <value>
                <![CDATA[drop3]]>
              </value>
            </param>
            <param index="3">
              <value>
                <![CDATA[drop23]]>
              </value>
            </param>
            <param index="4">
              <value>
                <![CDATA[url3]]>
              </value>
            </param>
          </params>
          <reporter-output>
          </reporter-output>
        </test-method> <!-- test -->
        <test-method status="PASS" signature="test(java.lang.String, java.lang.String, java.lang.String, java.lang.String, java.lang.String)[pri:0, instance:com.LoginsTest@691ccf]" name="test" duration-ms="3229" started-at="2019-02-01T17:52:32Z" data-provider="getTestData" finished-at="2019-02-01T17:52:36Z">
          <params>
            <param index="0">
              <value>
                <![CDATA[user4]]>
              </value>
            </param>
            <param index="1">
              <value>
                <![CDATA[pass4]]>
              </value>
            </param>
            <param index="2">
              <value>
                <![CDATA[drop4]]>
              </value>
            </param>
            <param index="3">
              <value>
                <![CDATA[drop24]]>
              </value>
            </param>
            <param index="4">
              <value>
                <![CDATA[url4]]>
              </value>
            </param>
          </params>
          <reporter-output>
          </reporter-output>
        </test-method> <!-- test -->
        <test-method status="PASS" signature="test(java.lang.String, java.lang.String, java.lang.String, java.lang.String, java.lang.String)[pri:0, instance:com.LoginsTest@691ccf]" name="test" duration-ms="4802" started-at="2019-02-01T17:52:36Z" data-provider="getTestData" finished-at="2019-02-01T17:52:40Z">
          <params>
            <param index="0">
              <value>
                <![CDATA[user5]]>
              </value>
            </param>
            <param index="1">
              <value>
                <![CDATA[pass5]]>
              </value>
            </param>
            <param index="2">
              <value>
                <![CDATA[drop5]]>
              </value>
            </param>
            <param index="3">
              <value>
                <![CDATA[drop25]]>
              </value>
            </param>
            <param index="4">
              <value>
                <![CDATA[url5]]>
              </value>
            </param>
          </params>
          <reporter-output>
          </reporter-output>
        </test-method> <!-- test -->
        <test-method status="PASS" signature="test(java.lang.String, java.lang.String, java.lang.String, java.lang.String, java.lang.String)[pri:0, instance:com.LoginsTest@691ccf]" name="test" duration-ms="3095" started-at="2019-02-01T17:52:40Z" data-provider="getTestData" finished-at="2019-02-01T17:52:44Z">
          <params>
            <param index="0">
              <value>
                <![CDATA[user6]]>
              </value>
            </param>
            <param index="1">
              <value>
                <![CDATA[pass6]]>
              </value>
            </param>
            <param index="2">
              <value>
                <![CDATA[drop6]]>
              </value>
            </param>
            <param index="3">
              <value>
                <![CDATA[drop26]]>
              </value>
            </param>
            <param index="4">
              <value>
                <![CDATA[url6]]>
              </value>
            </param>
          </params>
          <reporter-output>
          </reporter-output>
        </test-method> <!-- test -->
        <test-method status="PASS" signature="tearDown()[pri:0, instance:com.LoginsTest@691ccf]" name="tearDown" is-config="true" duration-ms="6930" started-at="2019-02-01T17:52:44Z" finished-at="2019-02-01T17:52:50Z">
          <reporter-output>
          </reporter-output>
        </test-method> <!-- tearDown -->
      </class> <!-- com.LoginsTest -->
    </test> <!-- Multi Logins -->
  </suite> <!-- CO_DMV -->
</testng-results>
