<?xml version="1.0" encoding="UTF-8"?>
<testng-results skipped="0" failed="0" ignored="0" total="1" passed="1">
  <reporter-output>
  </reporter-output>
  <suite name="Selenium Tests" duration-ms="22950" started-at="2020-07-20T13:33:25Z" finished-at="2020-07-20T13:33:48Z">
    <groups>
    </groups>
    <test name="sample tests" duration-ms="22950" started-at="2020-07-20T13:33:25Z" finished-at="2020-07-20T13:33:48Z">
      <class name="InterviewQuestions.sampleprogram">
        <test-method status="PASS" signature="sampleprograms()[pri:0, instance:InterviewQuestions.sampleprogram@2752f6e2]" name="sampleprograms" duration-ms="22916" started-at="2020-07-20T13:33:25Z" finished-at="2020-07-20T13:33:48Z">
          <reporter-output>
          </reporter-output>
        </test-method> <!-- sampleprograms -->
      </class> <!-- InterviewQuestions.sampleprogram -->
    </test> <!-- sample tests -->
  </suite> <!-- Selenium Tests -->
</testng-results>
